<?xml version="1.0" encoding="UTF-8"?>
<!-- Generated by org.testng.reporters.JUnitReportReporter -->
<testsuite skipped="0" hostname="TD-PCs-MacBook-Pro.local" name="Arabic_TCs.AR_CallDoctorTCs" tests="3" failures="0" timestamp="24 Sep 2019 16:14:24 GMT" time="179.933" errors="0">
  <testcase name="loginScreen_displayed_AR" time="12.237" classname="Arabic_TCs.AR_CallDoctorTCs"/>
  <testcase name="GuestVideoCall_NotNow_AR" time="105.428" classname="Arabic_TCs.AR_CallDoctorTCs"/>
  <testcase name="GuestVideoCall_Register_AR" time="62.268" classname="Arabic_TCs.AR_CallDoctorTCs"/>
</testsuite> <!-- Arabic_TCs.AR_CallDoctorTCs -->
