<?xml version="1.0" encoding="UTF-8"?>
<!-- Generated by org.testng.reporters.JUnitReportReporter -->
<testsuite skipped="0" hostname="TD-PCs-MacBook-Pro.local" name="testcases.CallDoctorTCs" tests="4" failures="0" timestamp="24 Sep 2019 11:57:15 GMT" time="453.482" errors="0">
  <testcase name="GuestVideoCall_NotNow_EN" time="100.833" classname="testcases.CallDoctorTCs"/>
  <testcase name="GuestVideoCall_NotNow_AR" time="111.867" classname="testcases.CallDoctorTCs"/>
  <testcase name="GuestVideoCall__LoginEN" time="61.015" classname="testcases.CallDoctorTCs"/>
  <testcase name="GuestVideoCall_Login_AR" time="179.767" classname="testcases.CallDoctorTCs"/>
</testsuite> <!-- testcases.CallDoctorTCs -->
