<?xml version="1.0" encoding="UTF-8"?>
<!-- Generated by org.testng.reporters.JUnitReportReporter -->
<testsuite skipped="0" hostname="TD-PCs-MacBook-Pro.local" name="English_TCs.EN_CallDoctorTCs" tests="3" failures="0" timestamp="24 Sep 2019 16:39:43 GMT" time="189.885" errors="0">
  <testcase name="loginScreen_displayed" time="15.957" classname="English_TCs.EN_CallDoctorTCs"/>
  <testcase name="GuestVideoCall_NotNow" time="108.400" classname="English_TCs.EN_CallDoctorTCs"/>
  <testcase name="GuestVideoCall_Register" time="65.528" classname="English_TCs.EN_CallDoctorTCs"/>
</testsuite> <!-- English_TCs.EN_CallDoctorTCs -->
