<?xml version="1.0" encoding="UTF-8"?>
<!-- Generated by org.testng.reporters.JUnitReportReporter -->
<testsuite skipped="0" hostname="TD-PCs-MacBook-Pro.local" name="englishArabic_TCs.CallDoctorTCs" tests="3" failures="0" timestamp="22 Oct 2019 10:27:08 GMT" time="179.265" errors="0">
  <testcase name="loginScreen_displayed" time="12.671" classname="englishArabic_TCs.CallDoctorTCs"/>
  <testcase name="GuestVideoCall_NotNow" time="104.814" classname="englishArabic_TCs.CallDoctorTCs"/>
  <testcase name="GuestVideoCall_Register" time="61.780" classname="englishArabic_TCs.CallDoctorTCs"/>
</testsuite> <!-- englishArabic_TCs.CallDoctorTCs -->
