<?xml version="1.0" encoding="UTF-8"?>
<!-- Generated by org.testng.reporters.JUnitReportReporter -->
<testsuite skipped="13" hostname="TD-PCs-MacBook-Pro.local" name="testcases.ReadingsTCs" tests="16" failures="0" timestamp="25 Sep 2019 09:49:48 GMT" time="91.214" errors="0">
  <testcase name="login" time="52.155" classname="testcases.ReadingsTCs"/>
  <testcase name="Steps" time="16.483" classname="testcases.ReadingsTCs"/>
  <testcase name="Steps" time="22.576" classname="testcases.ReadingsTCs"/>
  <testcase name="Add_body_Water" classname="testcases.ReadingsTCs">
    <skipped/>
  </testcase> <!-- Add_body_Water -->
  <testcase name="Add_body_Fat" classname="testcases.ReadingsTCs">
    <skipped/>
  </testcase> <!-- Add_body_Fat -->
  <testcase name="Add_Muscle_Mass" classname="testcases.ReadingsTCs">
    <skipped/>
  </testcase> <!-- Add_Muscle_Mass -->
  <testcase name="Add_Temperature" classname="testcases.ReadingsTCs">
    <skipped/>
  </testcase> <!-- Add_Temperature -->
  <testcase name="Add_Respiration_Rate" classname="testcases.ReadingsTCs">
    <skipped/>
  </testcase> <!-- Add_Respiration_Rate -->
  <testcase name="Add_Bones_Mass" classname="testcases.ReadingsTCs">
    <skipped/>
  </testcase> <!-- Add_Bones_Mass -->
  <testcase name="Add_Fasceral_Fat" classname="testcases.ReadingsTCs">
    <skipped/>
  </testcase> <!-- Add_Fasceral_Fat -->
  <testcase name="Add_Heart_Rate" classname="testcases.ReadingsTCs">
    <skipped/>
  </testcase> <!-- Add_Heart_Rate -->
  <testcase name="Add_BMI" classname="testcases.ReadingsTCs">
    <skipped/>
  </testcase> <!-- Add_BMI -->
  <testcase name="Add_Blood_Pressure" classname="testcases.ReadingsTCs">
    <skipped/>
  </testcase> <!-- Add_Blood_Pressure -->
  <testcase name="AddBloodData" classname="testcases.ReadingsTCs">
    <skipped/>
  </testcase> <!-- AddBloodData -->
  <testcase name="Add_Oxygen_Level" classname="testcases.ReadingsTCs">
    <skipped/>
  </testcase> <!-- Add_Oxygen_Level -->
  <testcase name="AddWeight" classname="testcases.ReadingsTCs">
    <skipped/>
  </testcase> <!-- AddWeight -->
</testsuite> <!-- testcases.ReadingsTCs -->
