<?xml version="1.0" encoding="UTF-8"?>
<!-- Generated by org.testng.reporters.JUnitReportReporter -->
<testsuite skipped="0" hostname="TD-PCs-MacBook-Pro.local" name="English_TCs.LoginLocalizationTCs" tests="3" failures="0" timestamp="24 Sep 2019 13:31:25 GMT" time="17.977" errors="0">
  <testcase name="firstScreen_displayed" time="11.326" classname="English_TCs.LoginLocalizationTCs"/>
  <testcase name="loginScreen_displayed_EN" time="2.079" classname="English_TCs.LoginLocalizationTCs"/>
  <testcase name="help_displayed_EN" time="4.572" classname="English_TCs.LoginLocalizationTCs"/>
</testsuite> <!-- English_TCs.LoginLocalizationTCs -->
