<?xml version="1.0" encoding="UTF-8"?>
<!-- Generated by org.testng.reporters.JUnitReportReporter -->
<testsuite skipped="0" hostname="TD-PCs-MacBook-Pro.local" name="englishArabic_TCs.LoginLocalizationTCs" tests="2" failures="0" timestamp="14 Nov 2019 11:29:41 GMT" time="17.664" errors="0">
  <testcase name="firstScreen_displayed" time="12.474" classname="englishArabic_TCs.LoginLocalizationTCs"/>
  <testcase name="help_displayed_EN" time="5.190" classname="englishArabic_TCs.LoginLocalizationTCs"/>
</testsuite> <!-- englishArabic_TCs.LoginLocalizationTCs -->
