<?xml version="1.0" encoding="UTF-8"?>
<!-- Generated by org.testng.reporters.JUnitReportReporter -->
<testsuite skipped="0" hostname="TD247E-M011.local" name="englishArabic_TCs.LoginTCs" tests="1" failures="0" timestamp="2019-12-15T13:57:39 EET" time="190.712" errors="0">
  <testcase name="loginAsRegistered_And_Logout_AR" time="190.712" classname="englishArabic_TCs.LoginTCs"/>
</testsuite> <!-- englishArabic_TCs.LoginTCs -->
