<?xml version="1.0" encoding="UTF-8"?>
<!-- Generated by org.testng.reporters.JUnitReportReporter -->
<testsuite skipped="0" hostname="TD-PCs-MacBook-Pro.local" name="Arabic_TCs.AR_LoginTCs" tests="2" failures="0" timestamp="25 Sep 2019 09:37:16 GMT" time="180.142" errors="0">
  <testcase name="loginAsGuest_And_Logout_AR" time="66.814" classname="Arabic_TCs.AR_LoginTCs"/>
  <testcase name="loginAsRegistered_And_Logout_AR" time="113.328" classname="Arabic_TCs.AR_LoginTCs"/>
</testsuite> <!-- Arabic_TCs.AR_LoginTCs -->
