<?xml version="1.0" encoding="UTF-8"?>
<!-- Generated by org.testng.reporters.JUnitReportReporter -->
<testsuite skipped="0" hostname="TD-PCs-MacBook-Pro.local" name="English_TCs.EN_LoginLocalizationTCs" tests="2" failures="0" timestamp="24 Sep 2019 16:46:46 GMT" time="16.462" errors="0">
  <testcase name="firstScreen_displayed" time="11.537" classname="English_TCs.EN_LoginLocalizationTCs"/>
  <testcase name="help_displayed_EN" time="4.925" classname="English_TCs.EN_LoginLocalizationTCs"/>
</testsuite> <!-- English_TCs.EN_LoginLocalizationTCs -->
