<?xml version="1.0" encoding="UTF-8"?>
<!-- Generated by org.testng.reporters.JUnitReportReporter -->
<testsuite skipped="0" hostname="TD-PCs-MacBook-Pro.local" name="Arabic_TCs.AR_LoginLocalizationTCs" tests="3" failures="0" timestamp="24 Sep 2019 16:17:22 GMT" time="17.785" errors="0">
  <testcase name="firstScreen_displayed" time="9.156" classname="Arabic_TCs.AR_LoginLocalizationTCs"/>
  <testcase name="loginScreen_displayed_AR" time="3.082" classname="Arabic_TCs.AR_LoginLocalizationTCs"/>
  <testcase name="help_displayed_AR" time="5.547" classname="Arabic_TCs.AR_LoginLocalizationTCs"/>
</testsuite> <!-- Arabic_TCs.AR_LoginLocalizationTCs -->
